<?xml version="1.0" encoding="UTF-8"?>
<!-- Generated by org.testng.reporters.JUnitReportReporter -->
<testsuite skipped="0" hostname="GITAADHIKARI" name="com.crm.qa.testCases.ContactsPageTest" tests="5" failures="0" timestamp="19 Sep 2019 02:07:01 GMT" time="77.448" errors="0">
  <testcase name="verifyContactsLabelTest" time="14.395" classname="com.crm.qa.testCases.ContactsPageTest"/>
  <testcase name="selectContactsTest" time="14.813" classname="com.crm.qa.testCases.ContactsPageTest"/>
  <testcase name="validateCreateNewContact" time="15.773" classname="com.crm.qa.testCases.ContactsPageTest"/>
  <testcase name="validateCreateNewContact" time="16.268" classname="com.crm.qa.testCases.ContactsPageTest"/>
  <testcase name="validateCreateNewContact" time="16.199" classname="com.crm.qa.testCases.ContactsPageTest"/>
</testsuite> <!-- com.crm.qa.testCases.ContactsPageTest -->
