<?xml version="1.0" encoding="UTF-8"?>
<!-- Generated by org.testng.reporters.JUnitReportReporter -->
<testsuite skipped="0" hostname="GITAADHIKARI" name="com.crm.qa.testData.HomePageTest" tests="3" failures="0" timestamp="12 Sep 2019 22:33:35 GMT" time="30.056" errors="0">
  <testcase name="verifyHomePageTest" time="9.812" classname="com.crm.qa.testData.HomePageTest"/>
  <testcase name="verifyUsernameTest" time="10.463" classname="com.crm.qa.testData.HomePageTest"/>
  <testcase name="verifyContactsPageTest" time="9.781" classname="com.crm.qa.testData.HomePageTest"/>
</testsuite> <!-- com.crm.qa.testData.HomePageTest -->
