<?xml version="1.0" encoding="UTF-8"?>
<!-- Generated by org.testng.reporters.JUnitReportReporter -->
<testsuite skipped="0" hostname="GITAADHIKARI" name="com.crm.qa.testData.LoginPageTest" tests="2" failures="0" timestamp="29 Aug 2019 04:50:12 GMT" time="15.407" errors="0">
  <testcase name="loginPageTitleTest" time="7.967" classname="com.crm.qa.testData.LoginPageTest"/>
  <testcase name="loginTest" time="7.440" classname="com.crm.qa.testData.LoginPageTest"/>
</testsuite> <!-- com.crm.qa.testData.LoginPageTest -->
