<?xml version="1.0" encoding="UTF-8"?>
<!-- Generated by org.testng.reporters.JUnitReportReporter -->
<testsuite skipped="0" hostname="GITAADHIKARI" name="com.crm.qa.testData.ContactsPageTest" tests="1" failures="0" timestamp="21 Aug 2019 21:19:36 GMT" time="16.426" errors="0">
  <testcase name="validateCreateNewContact" time="16.426" classname="com.crm.qa.testData.ContactsPageTest"/>
</testsuite> <!-- com.crm.qa.testData.ContactsPageTest -->
