<?xml version="1.0" encoding="UTF-8"?>
<!-- Generated by org.testng.reporters.JUnitReportReporter -->
<testsuite skipped="0" hostname="GITAADHIKARI" name="com.crm.qa.testCases.LoginPageTest" tests="2" failures="0" timestamp="19 Sep 2019 02:47:34 GMT" time="26.429" errors="0">
  <testcase name="loginPageTitleTest" time="12.539" classname="com.crm.qa.testCases.LoginPageTest"/>
  <testcase name="loginTest" time="13.890" classname="com.crm.qa.testCases.LoginPageTest"/>
</testsuite> <!-- com.crm.qa.testCases.LoginPageTest -->
